d:\file\cuhk\lab\tta\tta\multiaxissiliconeprinting\qmeshlib\release\polygenmesh.obj
d:\file\cuhk\lab\tta\tta\multiaxissiliconeprinting\qmeshlib\release\pqp.obj
d:\file\cuhk\lab\tta\tta\multiaxissiliconeprinting\qmeshlib\release\qmeshedge.obj
d:\file\cuhk\lab\tta\tta\multiaxissiliconeprinting\qmeshlib\release\qmeshpatch.obj
d:\file\cuhk\lab\tta\tta\multiaxissiliconeprinting\qmeshlib\release\tridist.obj
d:\file\cuhk\lab\tta\tta\multiaxissiliconeprinting\qmeshlib\release\bv.obj
d:\file\cuhk\lab\tta\tta\multiaxissiliconeprinting\qmeshlib\release\build.obj
d:\file\cuhk\lab\tta\tta\multiaxissiliconeprinting\qmeshlib\release\qmeshnode.obj
d:\file\cuhk\lab\tta\tta\multiaxissiliconeprinting\qmeshlib\release\qmeshtetra.obj
d:\file\cuhk\lab\tta\tta\multiaxissiliconeprinting\qmeshlib\release\qmeshcluster.obj
d:\file\cuhk\lab\tta\tta\multiaxissiliconeprinting\qmeshlib\release\qmeshface.obj
d:\file\cuhk\lab\tta\tta\multiaxissiliconeprinting\qmeshlib\generatedfiles\release\moc_predefs.h
d:\file\cuhk\lab\tta\tta\multiaxissiliconeprinting\qmeshlib\release\qmeshlib.lib
d:\file\cuhk\lab\tta\tta\multiaxissiliconeprinting\qmeshlib\release\qmeshlib.tlog\cl.18332.write.1.tlog
d:\file\cuhk\lab\tta\tta\multiaxissiliconeprinting\qmeshlib\release\qmeshlib.tlog\cl.command.1.tlog
d:\file\cuhk\lab\tta\tta\multiaxissiliconeprinting\qmeshlib\release\qmeshlib.tlog\cl.items.tlog
d:\file\cuhk\lab\tta\tta\multiaxissiliconeprinting\qmeshlib\release\qmeshlib.tlog\cl.read.1.tlog
d:\file\cuhk\lab\tta\tta\multiaxissiliconeprinting\qmeshlib\release\qmeshlib.tlog\custombuild.command.1.tlog
d:\file\cuhk\lab\tta\tta\multiaxissiliconeprinting\qmeshlib\release\qmeshlib.tlog\custombuild.read.1.tlog
d:\file\cuhk\lab\tta\tta\multiaxissiliconeprinting\qmeshlib\release\qmeshlib.tlog\custombuild.write.1.tlog
d:\file\cuhk\lab\tta\tta\multiaxissiliconeprinting\qmeshlib\release\qmeshlib.tlog\lib-link.read.1.tlog
d:\file\cuhk\lab\tta\tta\multiaxissiliconeprinting\qmeshlib\release\qmeshlib.tlog\lib-link.write.1.tlog
d:\file\cuhk\lab\tta\tta\multiaxissiliconeprinting\qmeshlib\release\qmeshlib.tlog\lib.command.1.tlog
