d:\file\cuhk\lab\tta\tta\multiaxissiliconeprinting\glklib\release\moc_glklib.obj
d:\file\cuhk\lab\tta\tta\multiaxissiliconeprinting\glklib\release\glksparsematrixiterativesolver.obj
d:\file\cuhk\lab\tta\tta\multiaxissiliconeprinting\glklib\release\glklib.obj
d:\file\cuhk\lab\tta\tta\multiaxissiliconeprinting\glklib\release\glkoblist.obj
d:\file\cuhk\lab\tta\tta\multiaxissiliconeprinting\glklib\release\glksparsematrix.obj
d:\file\cuhk\lab\tta\tta\multiaxissiliconeprinting\glklib\release\glkgraph.obj
d:\file\cuhk\lab\tta\tta\multiaxissiliconeprinting\glklib\release\glkrational.obj
d:\file\cuhk\lab\tta\tta\multiaxissiliconeprinting\glklib\release\glkmatrixlib.obj
d:\file\cuhk\lab\tta\tta\multiaxissiliconeprinting\glklib\release\glkheap.obj
d:\file\cuhk\lab\tta\tta\multiaxissiliconeprinting\glklib\release\glkgeometry.obj
d:\file\cuhk\lab\tta\tta\multiaxissiliconeprinting\glklib\release\glknearestneighbor.obj
d:\file\cuhk\lab\tta\tta\multiaxissiliconeprinting\glklib\release\stdafx.obj
d:\file\cuhk\lab\tta\tta\multiaxissiliconeprinting\glklib\release\glksparsematrixdirectsolver.obj
d:\file\cuhk\lab\tta\tta\multiaxissiliconeprinting\glklib\release\interactivetool.obj
d:\file\cuhk\lab\tta\tta\multiaxissiliconeprinting\glklib\release\moc_predefs.h
d:\file\cuhk\lab\tta\tta\multiaxissiliconeprinting\glklib\release\moc_glklib.cpp
d:\file\cuhk\lab\tta\tta\multiaxissiliconeprinting\glklib\release\glklib.lib
d:\file\cuhk\lab\tta\tta\multiaxissiliconeprinting\glklib\release\glklib.res
d:\file\cuhk\lab\tta\tta\multiaxissiliconeprinting\glklib\release\glklib.tlog\cl.command.1.tlog
d:\file\cuhk\lab\tta\tta\multiaxissiliconeprinting\glklib\release\glklib.tlog\cl.items.tlog
d:\file\cuhk\lab\tta\tta\multiaxissiliconeprinting\glklib\release\glklib.tlog\cl.read.1.tlog
d:\file\cuhk\lab\tta\tta\multiaxissiliconeprinting\glklib\release\glklib.tlog\cl.write.1.tlog
d:\file\cuhk\lab\tta\tta\multiaxissiliconeprinting\glklib\release\glklib.tlog\custombuild.command.1.tlog
d:\file\cuhk\lab\tta\tta\multiaxissiliconeprinting\glklib\release\glklib.tlog\custombuild.read.1.tlog
d:\file\cuhk\lab\tta\tta\multiaxissiliconeprinting\glklib\release\glklib.tlog\custombuild.write.1.tlog
d:\file\cuhk\lab\tta\tta\multiaxissiliconeprinting\glklib\release\glklib.tlog\glklib.write.1u.tlog
d:\file\cuhk\lab\tta\tta\multiaxissiliconeprinting\glklib\release\glklib.tlog\lib-link-cvtres.read.1.tlog
d:\file\cuhk\lab\tta\tta\multiaxissiliconeprinting\glklib\release\glklib.tlog\lib-link-cvtres.write.1.tlog
d:\file\cuhk\lab\tta\tta\multiaxissiliconeprinting\glklib\release\glklib.tlog\lib.command.1.tlog
d:\file\cuhk\lab\tta\tta\multiaxissiliconeprinting\glklib\release\glklib.tlog\moc.read.1u.tlog
d:\file\cuhk\lab\tta\tta\multiaxissiliconeprinting\glklib\release\glklib.tlog\moc.write.1u.tlog
d:\file\cuhk\lab\tta\tta\multiaxissiliconeprinting\glklib\release\glklib.tlog\rc.command.1.tlog
d:\file\cuhk\lab\tta\tta\multiaxissiliconeprinting\glklib\release\glklib.tlog\rc.read.1.tlog
d:\file\cuhk\lab\tta\tta\multiaxissiliconeprinting\glklib\release\glklib.tlog\rc.write.1.tlog
