d:\file\cuhk\lab\tta\tta\multiaxissiliconeprinting\shapelab\release\qrc_shapelab.obj
d:\file\cuhk\lab\tta\tta\multiaxissiliconeprinting\shapelab\release\posiontoolpath.obj
d:\file\cuhk\lab\tta\tta\multiaxissiliconeprinting\shapelab\release\isolayergeneration.obj
d:\file\cuhk\lab\tta\tta\multiaxissiliconeprinting\shapelab\release\deformtoolpath.obj
d:\file\cuhk\lab\tta\tta\multiaxissiliconeprinting\shapelab\release\mainwindowoperation.obj
d:\file\cuhk\lab\tta\tta\multiaxissiliconeprinting\shapelab\release\isosurface.obj
d:\file\cuhk\lab\tta\tta\multiaxissiliconeprinting\shapelab\release\computegeoviaigl.obj
d:\file\cuhk\lab\tta\tta\multiaxissiliconeprinting\shapelab\release\main.obj
d:\file\cuhk\lab\tta\tta\multiaxissiliconeprinting\shapelab\release\fileio.obj
d:\file\cuhk\lab\tta\tta\multiaxissiliconeprinting\shapelab\release\mainwindow.obj
d:\file\cuhk\lab\tta\tta\multiaxissiliconeprinting\shapelab\release\scalarfield.obj
d:\file\cuhk\lab\tta\tta\multiaxissiliconeprinting\shapelab\release\layersegmentation.obj
d:\file\cuhk\lab\tta\tta\multiaxissiliconeprinting\shapelab\release\stripe_pattern.obj
d:\file\cuhk\lab\tta\tta\multiaxissiliconeprinting\shapelab\release\moc_mainwindow.obj
d:\file\cuhk\lab\tta\tta\multiaxissiliconeprinting\shapelab\release\moc_predefs.h
d:\file\cuhk\lab\tta\tta\multiaxissiliconeprinting\shapelab\release\shapelab.exe
d:\file\cuhk\lab\tta\tta\multiaxissiliconeprinting\shapelab\release\moc_mainwindow.cpp
d:\file\cuhk\lab\tta\tta\multiaxissiliconeprinting\shapelab\release\qrc_shapelab.cpp
d:\file\cuhk\lab\tta\tta\multiaxissiliconeprinting\shapelab\generatedfiles\ui_mainwindow.h
d:\file\cuhk\lab\tta\tta\multiaxissiliconeprinting\shapelab\release\shapelab.tlog\cl.command.1.tlog
d:\file\cuhk\lab\tta\tta\multiaxissiliconeprinting\shapelab\release\shapelab.tlog\cl.items.tlog
d:\file\cuhk\lab\tta\tta\multiaxissiliconeprinting\shapelab\release\shapelab.tlog\cl.read.1.tlog
d:\file\cuhk\lab\tta\tta\multiaxissiliconeprinting\shapelab\release\shapelab.tlog\cl.write.1.tlog
d:\file\cuhk\lab\tta\tta\multiaxissiliconeprinting\shapelab\release\shapelab.tlog\custombuild.command.1.tlog
d:\file\cuhk\lab\tta\tta\multiaxissiliconeprinting\shapelab\release\shapelab.tlog\custombuild.read.1.tlog
d:\file\cuhk\lab\tta\tta\multiaxissiliconeprinting\shapelab\release\shapelab.tlog\custombuild.write.1.tlog
d:\file\cuhk\lab\tta\tta\multiaxissiliconeprinting\shapelab\release\shapelab.tlog\link.command.1.tlog
d:\file\cuhk\lab\tta\tta\multiaxissiliconeprinting\shapelab\release\shapelab.tlog\link.read.1.tlog
d:\file\cuhk\lab\tta\tta\multiaxissiliconeprinting\shapelab\release\shapelab.tlog\link.secondary.1.tlog
d:\file\cuhk\lab\tta\tta\multiaxissiliconeprinting\shapelab\release\shapelab.tlog\link.write.1.tlog
d:\file\cuhk\lab\tta\tta\multiaxissiliconeprinting\shapelab\release\shapelab.tlog\moc.read.1u.tlog
d:\file\cuhk\lab\tta\tta\multiaxissiliconeprinting\shapelab\release\shapelab.tlog\moc.write.1u.tlog
d:\file\cuhk\lab\tta\tta\multiaxissiliconeprinting\shapelab\release\shapelab.tlog\rcc.read.1u.tlog
d:\file\cuhk\lab\tta\tta\multiaxissiliconeprinting\shapelab\release\shapelab.tlog\rcc.write.1u.tlog
d:\file\cuhk\lab\tta\tta\multiaxissiliconeprinting\shapelab\release\shapelab.tlog\shapelab.write.1u.tlog
d:\file\cuhk\lab\tta\tta\multiaxissiliconeprinting\shapelab\release\shapelab.tlog\uic.read.1u.tlog
d:\file\cuhk\lab\tta\tta\multiaxissiliconeprinting\shapelab\release\shapelab.tlog\uic.write.1u.tlog
