d:\file\cuhk\lab\tta\tta\multiaxissiliconeprinting\glklib\debug\glklib.pdb
d:\file\cuhk\lab\tta\tta\multiaxissiliconeprinting\glklib\debug\moc_glklib.obj
d:\file\cuhk\lab\tta\tta\multiaxissiliconeprinting\glklib\debug\glkmatrixlib.obj
d:\file\cuhk\lab\tta\tta\multiaxissiliconeprinting\glklib\debug\glknearestneighbor.obj
d:\file\cuhk\lab\tta\tta\multiaxissiliconeprinting\glklib\debug\glkgeometry.obj
d:\file\cuhk\lab\tta\tta\multiaxissiliconeprinting\glklib\debug\glkgraph.obj
d:\file\cuhk\lab\tta\tta\multiaxissiliconeprinting\glklib\debug\stdafx.obj
d:\file\cuhk\lab\tta\tta\multiaxissiliconeprinting\glklib\debug\interactivetool.obj
d:\file\cuhk\lab\tta\tta\multiaxissiliconeprinting\glklib\debug\glkrational.obj
d:\file\cuhk\lab\tta\tta\multiaxissiliconeprinting\glklib\debug\glksparsematrixdirectsolver.obj
d:\file\cuhk\lab\tta\tta\multiaxissiliconeprinting\glklib\debug\glklib.obj
d:\file\cuhk\lab\tta\tta\multiaxissiliconeprinting\glklib\debug\glkheap.obj
d:\file\cuhk\lab\tta\tta\multiaxissiliconeprinting\glklib\debug\glksparsematrixiterativesolver.obj
d:\file\cuhk\lab\tta\tta\multiaxissiliconeprinting\glklib\debug\glksparsematrix.obj
d:\file\cuhk\lab\tta\tta\multiaxissiliconeprinting\glklib\debug\glkoblist.obj
d:\file\cuhk\lab\tta\tta\multiaxissiliconeprinting\glklib\debug\moc_predefs.h
d:\file\cuhk\lab\tta\tta\multiaxissiliconeprinting\glklib\debug\moc_glklib.cpp
d:\file\cuhk\lab\tta\tta\multiaxissiliconeprinting\glklib\debug\glklib.lib
d:\file\cuhk\lab\tta\tta\multiaxissiliconeprinting\glklib\debug\glklib.res
d:\file\cuhk\lab\tta\tta\multiaxissiliconeprinting\glklib\debug\glklib.tlog\cl.command.1.tlog
d:\file\cuhk\lab\tta\tta\multiaxissiliconeprinting\glklib\debug\glklib.tlog\cl.items.tlog
d:\file\cuhk\lab\tta\tta\multiaxissiliconeprinting\glklib\debug\glklib.tlog\cl.read.1.tlog
d:\file\cuhk\lab\tta\tta\multiaxissiliconeprinting\glklib\debug\glklib.tlog\cl.write.1.tlog
d:\file\cuhk\lab\tta\tta\multiaxissiliconeprinting\glklib\debug\glklib.tlog\custombuild.command.1.tlog
d:\file\cuhk\lab\tta\tta\multiaxissiliconeprinting\glklib\debug\glklib.tlog\custombuild.read.1.tlog
d:\file\cuhk\lab\tta\tta\multiaxissiliconeprinting\glklib\debug\glklib.tlog\custombuild.write.1.tlog
d:\file\cuhk\lab\tta\tta\multiaxissiliconeprinting\glklib\debug\glklib.tlog\glklib.write.1u.tlog
d:\file\cuhk\lab\tta\tta\multiaxissiliconeprinting\glklib\debug\glklib.tlog\lib-link-cvtres.read.1.tlog
d:\file\cuhk\lab\tta\tta\multiaxissiliconeprinting\glklib\debug\glklib.tlog\lib-link-cvtres.write.1.tlog
d:\file\cuhk\lab\tta\tta\multiaxissiliconeprinting\glklib\debug\glklib.tlog\lib.command.1.tlog
d:\file\cuhk\lab\tta\tta\multiaxissiliconeprinting\glklib\debug\glklib.tlog\moc.read.1u.tlog
d:\file\cuhk\lab\tta\tta\multiaxissiliconeprinting\glklib\debug\glklib.tlog\moc.write.1u.tlog
d:\file\cuhk\lab\tta\tta\multiaxissiliconeprinting\glklib\debug\glklib.tlog\rc.command.1.tlog
d:\file\cuhk\lab\tta\tta\multiaxissiliconeprinting\glklib\debug\glklib.tlog\rc.read.1.tlog
d:\file\cuhk\lab\tta\tta\multiaxissiliconeprinting\glklib\debug\glklib.tlog\rc.write.1.tlog
