d:\file\cuhk\lab\tta\tta\multiaxissiliconeprinting\shapelab\debug\isosurface.obj
d:\file\cuhk\lab\tta\tta\multiaxissiliconeprinting\shapelab\debug\scalarfield.obj
d:\file\cuhk\lab\tta\tta\multiaxissiliconeprinting\shapelab\debug\computegeoviaigl.obj
d:\file\cuhk\lab\tta\tta\multiaxissiliconeprinting\shapelab\debug\mainwindowoperation.obj
d:\file\cuhk\lab\tta\tta\multiaxissiliconeprinting\shapelab\debug\stripe_pattern.obj
d:\file\cuhk\lab\tta\tta\multiaxissiliconeprinting\shapelab\debug\deformtoolpath.obj
d:\file\cuhk\lab\tta\tta\multiaxissiliconeprinting\shapelab\debug\layersegmentation.obj
d:\file\cuhk\lab\tta\tta\multiaxissiliconeprinting\shapelab\debug\posiontoolpath.obj
d:\file\cuhk\lab\tta\tta\multiaxissiliconeprinting\shapelab\debug\main.obj
d:\file\cuhk\lab\tta\tta\multiaxissiliconeprinting\shapelab\debug\isolayergeneration.obj
d:\file\cuhk\lab\tta\tta\multiaxissiliconeprinting\shapelab\debug\fileio.obj
d:\file\cuhk\lab\tta\tta\multiaxissiliconeprinting\shapelab\debug\moc_predefs.h
d:\file\cuhk\lab\tta\tta\multiaxissiliconeprinting\shapelab\debug\moc_mainwindow.cpp
d:\file\cuhk\lab\tta\tta\multiaxissiliconeprinting\shapelab\debug\qrc_shapelab.cpp
d:\file\cuhk\lab\tta\tta\multiaxissiliconeprinting\shapelab\generatedfiles\ui_mainwindow.h
d:\file\cuhk\lab\tta\tta\multiaxissiliconeprinting\shapelab\debug\vc143.pdb
d:\file\cuhk\lab\tta\tta\multiaxissiliconeprinting\shapelab\debug\shapelab.tlog\cl.19888.write.1.tlog
d:\file\cuhk\lab\tta\tta\multiaxissiliconeprinting\shapelab\debug\shapelab.tlog\cl.command.1.tlog
d:\file\cuhk\lab\tta\tta\multiaxissiliconeprinting\shapelab\debug\shapelab.tlog\cl.read.1.tlog
d:\file\cuhk\lab\tta\tta\multiaxissiliconeprinting\shapelab\debug\shapelab.tlog\custombuild.command.1.tlog
d:\file\cuhk\lab\tta\tta\multiaxissiliconeprinting\shapelab\debug\shapelab.tlog\custombuild.read.1.tlog
d:\file\cuhk\lab\tta\tta\multiaxissiliconeprinting\shapelab\debug\shapelab.tlog\custombuild.write.1.tlog
d:\file\cuhk\lab\tta\tta\multiaxissiliconeprinting\shapelab\debug\shapelab.tlog\moc.read.1u.tlog
d:\file\cuhk\lab\tta\tta\multiaxissiliconeprinting\shapelab\debug\shapelab.tlog\moc.write.1u.tlog
d:\file\cuhk\lab\tta\tta\multiaxissiliconeprinting\shapelab\debug\shapelab.tlog\rcc.read.1u.tlog
d:\file\cuhk\lab\tta\tta\multiaxissiliconeprinting\shapelab\debug\shapelab.tlog\rcc.write.1u.tlog
d:\file\cuhk\lab\tta\tta\multiaxissiliconeprinting\shapelab\debug\shapelab.tlog\shapelab.write.1u.tlog
d:\file\cuhk\lab\tta\tta\multiaxissiliconeprinting\shapelab\debug\shapelab.tlog\uic.read.1u.tlog
d:\file\cuhk\lab\tta\tta\multiaxissiliconeprinting\shapelab\debug\shapelab.tlog\uic.write.1u.tlog
